五月 30, 2016 2:20:29 下午 org.apache.catalina.startup.VersionLoggerListener log
信息: Server version:        Apache Tomcat/7.0.65
五月 30, 2016 2:20:29 下午 org.apache.catalina.startup.VersionLoggerListener log
信息: Server built:          Oct 9 2015 08:36:58 UTC
五月 30, 2016 2:20:29 下午 org.apache.catalina.startup.VersionLoggerListener log
信息: Server number:         7.0.65.0
五月 30, 2016 2:20:29 下午 org.apache.catalina.startup.VersionLoggerListener log
信息: OS Name:               Windows 8.1
五月 30, 2016 2:20:29 下午 org.apache.catalina.startup.VersionLoggerListener log
信息: OS Version:            6.3
五月 30, 2016 2:20:29 下午 org.apache.catalina.startup.VersionLoggerListener log
信息: Architecture:          amd64
五月 30, 2016 2:20:29 下午 org.apache.catalina.startup.VersionLoggerListener log
信息: Java Home:             D:\Program Files\Java\jdk1.7.0_67\jre
五月 30, 2016 2:20:29 下午 org.apache.catalina.startup.VersionLoggerListener log
信息: JVM Version:           1.7.0_67-b01
五月 30, 2016 2:20:29 下午 org.apache.catalina.startup.VersionLoggerListener log
信息: JVM Vendor:            Oracle Corporation
五月 30, 2016 2:20:29 下午 org.apache.catalina.startup.VersionLoggerListener log
信息: CATALINA_BASE:         D:\学习-study\My Component Library\LB-tomCat\apache-tomcat-7.0.65
五月 30, 2016 2:20:29 下午 org.apache.catalina.startup.VersionLoggerListener log
信息: CATALINA_HOME:         D:\学习-study\My Component Library\LB-tomCat\apache-tomcat-7.0.65
五月 30, 2016 2:20:29 下午 org.apache.catalina.startup.VersionLoggerListener log
信息: Command line argument: -Djava.util.logging.config.file=D:\学习-study\My Component Library\LB-tomCat\apache-tomcat-7.0.65\conf\logging.properties
五月 30, 2016 2:20:29 下午 org.apache.catalina.startup.VersionLoggerListener log
信息: Command line argument: -Djava.util.logging.manager=org.apache.juli.ClassLoaderLogManager
五月 30, 2016 2:20:29 下午 org.apache.catalina.startup.VersionLoggerListener log
信息: Command line argument: -Djava.endorsed.dirs=D:\学习-study\My Component Library\LB-tomCat\apache-tomcat-7.0.65\endorsed
五月 30, 2016 2:20:29 下午 org.apache.catalina.startup.VersionLoggerListener log
信息: Command line argument: -Dcatalina.base=D:\学习-study\My Component Library\LB-tomCat\apache-tomcat-7.0.65
五月 30, 2016 2:20:29 下午 org.apache.catalina.startup.VersionLoggerListener log
信息: Command line argument: -Dcatalina.home=D:\学习-study\My Component Library\LB-tomCat\apache-tomcat-7.0.65
五月 30, 2016 2:20:29 下午 org.apache.catalina.startup.VersionLoggerListener log
信息: Command line argument: -Djava.io.tmpdir=D:\学习-study\My Component Library\LB-tomCat\apache-tomcat-7.0.65\temp
五月 30, 2016 2:20:29 下午 org.apache.catalina.core.AprLifecycleListener lifecycleEvent
信息: The APR based Apache Tomcat Native library which allows optimal performance in production environments was not found on the java.library.path: D:\Program Files\Java\jdk1.7.0_67\bin;C:\Windows\Sun\Java\bin;C:\Windows\system32;C:\Windows;C:\Windows\system32;C:\Windows;C:\Windows\System32\Wbem;C:\Windows\System32\WindowsPowerShell\v1.0\;D:\Program Files (x86)\SVN\bin;D:\Program Files\Java\jdk1.7.0_67\bin;D:\Program Files\Java\jdk1.7.0_67\jre\bin;.
五月 30, 2016 2:20:30 下午 org.apache.coyote.AbstractProtocol init
信息: Initializing ProtocolHandler ["http-bio-8080"]
五月 30, 2016 2:20:30 下午 org.apache.coyote.AbstractProtocol init
信息: Initializing ProtocolHandler ["ajp-bio-8009"]
五月 30, 2016 2:20:30 下午 org.apache.catalina.startup.Catalina load
信息: Initialization processed in 1807 ms
五月 30, 2016 2:20:30 下午 org.apache.catalina.core.StandardService startInternal
信息: Starting service Catalina
五月 30, 2016 2:20:30 下午 org.apache.catalina.core.StandardEngine startInternal
信息: Starting Servlet Engine: Apache Tomcat/7.0.65
五月 30, 2016 2:20:30 下午 org.apache.catalina.startup.HostConfig deployDirectory
信息: Deploying web application directory D:\学习-study\My Component Library\LB-tomCat\apache-tomcat-7.0.65\webapps\docs
五月 30, 2016 2:20:31 下午 org.apache.catalina.util.SessionIdGeneratorBase createSecureRandom
信息: Creation of SecureRandom instance for session ID generation using [SHA1PRNG] took [106] milliseconds.
五月 30, 2016 2:20:31 下午 org.apache.catalina.startup.HostConfig deployDirectory
信息: Deployment of web application directory D:\学习-study\My Component Library\LB-tomCat\apache-tomcat-7.0.65\webapps\docs has finished in 1,273 ms
五月 30, 2016 2:20:31 下午 org.apache.catalina.startup.HostConfig deployDirectory
信息: Deploying web application directory D:\学习-study\My Component Library\LB-tomCat\apache-tomcat-7.0.65\webapps\examples
五月 30, 2016 2:20:33 下午 org.apache.catalina.startup.HostConfig deployDirectory
信息: Deployment of web application directory D:\学习-study\My Component Library\LB-tomCat\apache-tomcat-7.0.65\webapps\examples has finished in 1,855 ms
五月 30, 2016 2:20:33 下午 org.apache.catalina.startup.HostConfig deployDirectory
信息: Deploying web application directory D:\学习-study\My Component Library\LB-tomCat\apache-tomcat-7.0.65\webapps\host-manager
五月 30, 2016 2:20:33 下午 org.apache.catalina.startup.HostConfig deployDirectory
信息: Deployment of web application directory D:\学习-study\My Component Library\LB-tomCat\apache-tomcat-7.0.65\webapps\host-manager has finished in 125 ms
五月 30, 2016 2:20:33 下午 org.apache.catalina.startup.HostConfig deployDirectory
信息: Deploying web application directory D:\学习-study\My Component Library\LB-tomCat\apache-tomcat-7.0.65\webapps\manager
五月 30, 2016 2:20:34 下午 org.apache.catalina.startup.HostConfig deployDirectory
信息: Deployment of web application directory D:\学习-study\My Component Library\LB-tomCat\apache-tomcat-7.0.65\webapps\manager has finished in 140 ms
五月 30, 2016 2:20:34 下午 org.apache.catalina.startup.HostConfig deployDirectory
信息: Deploying web application directory D:\学习-study\My Component Library\LB-tomCat\apache-tomcat-7.0.65\webapps\ROOT
五月 30, 2016 2:20:34 下午 org.apache.catalina.startup.HostConfig deployDirectory
信息: Deployment of web application directory D:\学习-study\My Component Library\LB-tomCat\apache-tomcat-7.0.65\webapps\ROOT has finished in 157 ms
五月 30, 2016 2:20:34 下午 org.apache.coyote.AbstractProtocol start
信息: Starting ProtocolHandler ["http-bio-8080"]
五月 30, 2016 2:20:34 下午 org.apache.coyote.AbstractProtocol start
信息: Starting ProtocolHandler ["ajp-bio-8009"]
五月 30, 2016 2:20:34 下午 org.apache.catalina.startup.Catalina start
信息: Server startup in 3679 ms
五月 30, 2016 2:49:29 下午 org.apache.catalina.startup.VersionLoggerListener log
信息: Server version:        Apache Tomcat/7.0.65
五月 30, 2016 2:49:29 下午 org.apache.catalina.startup.VersionLoggerListener log
信息: Server built:          Oct 9 2015 08:36:58 UTC
五月 30, 2016 2:49:29 下午 org.apache.catalina.startup.VersionLoggerListener log
信息: Server number:         7.0.65.0
五月 30, 2016 2:49:29 下午 org.apache.catalina.startup.VersionLoggerListener log
信息: OS Name:               Windows 8.1
五月 30, 2016 2:49:29 下午 org.apache.catalina.startup.VersionLoggerListener log
信息: OS Version:            6.3
五月 30, 2016 2:49:29 下午 org.apache.catalina.startup.VersionLoggerListener log
信息: Architecture:          amd64
五月 30, 2016 2:49:29 下午 org.apache.catalina.startup.VersionLoggerListener log
信息: Java Home:             D:\Program Files\Java\jdk1.7.0_67\jre
五月 30, 2016 2:49:29 下午 org.apache.catalina.startup.VersionLoggerListener log
信息: JVM Version:           1.7.0_67-b01
五月 30, 2016 2:49:29 下午 org.apache.catalina.startup.VersionLoggerListener log
信息: JVM Vendor:            Oracle Corporation
五月 30, 2016 2:49:29 下午 org.apache.catalina.startup.VersionLoggerListener log
信息: CATALINA_BASE:         D:\学习-study\My Component Library\LB-tomCat\apache-tomcat-7.0.65
五月 30, 2016 2:49:29 下午 org.apache.catalina.startup.VersionLoggerListener log
信息: CATALINA_HOME:         D:\学习-study\My Component Library\LB-tomCat\apache-tomcat-7.0.65
五月 30, 2016 2:49:29 下午 org.apache.catalina.startup.VersionLoggerListener log
信息: Command line argument: -Djava.util.logging.config.file=D:\学习-study\My Component Library\LB-tomCat\apache-tomcat-7.0.65\conf\logging.properties
五月 30, 2016 2:49:29 下午 org.apache.catalina.startup.VersionLoggerListener log
信息: Command line argument: -Djava.util.logging.manager=org.apache.juli.ClassLoaderLogManager
五月 30, 2016 2:49:29 下午 org.apache.catalina.startup.VersionLoggerListener log
信息: Command line argument: -Djava.endorsed.dirs=D:\学习-study\My Component Library\LB-tomCat\apache-tomcat-7.0.65\endorsed
五月 30, 2016 2:49:29 下午 org.apache.catalina.startup.VersionLoggerListener log
信息: Command line argument: -Dcatalina.base=D:\学习-study\My Component Library\LB-tomCat\apache-tomcat-7.0.65
五月 30, 2016 2:49:29 下午 org.apache.catalina.startup.VersionLoggerListener log
信息: Command line argument: -Dcatalina.home=D:\学习-study\My Component Library\LB-tomCat\apache-tomcat-7.0.65
五月 30, 2016 2:49:29 下午 org.apache.catalina.startup.VersionLoggerListener log
信息: Command line argument: -Djava.io.tmpdir=D:\学习-study\My Component Library\LB-tomCat\apache-tomcat-7.0.65\temp
五月 30, 2016 2:49:29 下午 org.apache.catalina.core.AprLifecycleListener lifecycleEvent
信息: The APR based Apache Tomcat Native library which allows optimal performance in production environments was not found on the java.library.path: D:\Program Files\Java\jdk1.7.0_67\bin;C:\Windows\Sun\Java\bin;C:\Windows\system32;C:\Windows;C:\Windows\system32;C:\Windows;C:\Windows\System32\Wbem;C:\Windows\System32\WindowsPowerShell\v1.0\;D:\Program Files (x86)\SVN\bin;D:\Program Files\Java\jdk1.7.0_67\bin;D:\Program Files\Java\jdk1.7.0_67\jre\bin;.
五月 30, 2016 2:49:29 下午 org.apache.coyote.AbstractProtocol init
信息: Initializing ProtocolHandler ["http-bio-8080"]
五月 30, 2016 2:49:29 下午 org.apache.coyote.AbstractProtocol init
信息: Initializing ProtocolHandler ["ajp-bio-8009"]
五月 30, 2016 2:49:29 下午 org.apache.catalina.startup.Catalina load
信息: Initialization processed in 1101 ms
五月 30, 2016 2:49:29 下午 org.apache.catalina.core.StandardService startInternal
信息: Starting service Catalina
五月 30, 2016 2:49:29 下午 org.apache.catalina.core.StandardEngine startInternal
信息: Starting Servlet Engine: Apache Tomcat/7.0.65
五月 30, 2016 2:49:29 下午 org.apache.catalina.startup.HostConfig deployDirectory
信息: Deploying web application directory D:\学习-study\My Component Library\LB-tomCat\apache-tomcat-7.0.65\webapps\docs
五月 30, 2016 2:49:30 下午 org.apache.catalina.startup.HostConfig deployDirectory
信息: Deployment of web application directory D:\学习-study\My Component Library\LB-tomCat\apache-tomcat-7.0.65\webapps\docs has finished in 809 ms
五月 30, 2016 2:49:30 下午 org.apache.catalina.startup.HostConfig deployDirectory
信息: Deploying web application directory D:\学习-study\My Component Library\LB-tomCat\apache-tomcat-7.0.65\webapps\examples
五月 30, 2016 2:49:31 下午 org.apache.catalina.startup.HostConfig deployDirectory
信息: Deployment of web application directory D:\学习-study\My Component Library\LB-tomCat\apache-tomcat-7.0.65\webapps\examples has finished in 676 ms
五月 30, 2016 2:49:31 下午 org.apache.catalina.startup.HostConfig deployDirectory
信息: Deploying web application directory D:\学习-study\My Component Library\LB-tomCat\apache-tomcat-7.0.65\webapps\host-manager
五月 30, 2016 2:49:31 下午 org.apache.catalina.startup.HostConfig deployDirectory
信息: Deployment of web application directory D:\学习-study\My Component Library\LB-tomCat\apache-tomcat-7.0.65\webapps\host-manager has finished in 128 ms
五月 30, 2016 2:49:31 下午 org.apache.catalina.startup.HostConfig deployDirectory
信息: Deploying web application directory D:\学习-study\My Component Library\LB-tomCat\apache-tomcat-7.0.65\webapps\manager
五月 30, 2016 2:49:31 下午 org.apache.catalina.startup.HostConfig deployDirectory
信息: Deployment of web application directory D:\学习-study\My Component Library\LB-tomCat\apache-tomcat-7.0.65\webapps\manager has finished in 125 ms
五月 30, 2016 2:49:31 下午 org.apache.catalina.startup.HostConfig deployDirectory
信息: Deploying web application directory D:\学习-study\My Component Library\LB-tomCat\apache-tomcat-7.0.65\webapps\ROOT
五月 30, 2016 2:49:31 下午 org.apache.catalina.startup.HostConfig deployDirectory
信息: Deployment of web application directory D:\学习-study\My Component Library\LB-tomCat\apache-tomcat-7.0.65\webapps\ROOT has finished in 109 ms
五月 30, 2016 2:49:31 下午 org.apache.coyote.AbstractProtocol start
信息: Starting ProtocolHandler ["http-bio-8080"]
五月 30, 2016 2:49:31 下午 org.apache.coyote.AbstractProtocol start
信息: Starting ProtocolHandler ["ajp-bio-8009"]
五月 30, 2016 2:49:31 下午 org.apache.catalina.startup.Catalina start
信息: Server startup in 1912 ms
五月 30, 2016 4:15:09 下午 org.apache.catalina.startup.VersionLoggerListener log
信息: Server version:        Apache Tomcat/7.0.65
五月 30, 2016 4:15:09 下午 org.apache.catalina.startup.VersionLoggerListener log
信息: Server built:          Oct 9 2015 08:36:58 UTC
五月 30, 2016 4:15:09 下午 org.apache.catalina.startup.VersionLoggerListener log
信息: Server number:         7.0.65.0
五月 30, 2016 4:15:09 下午 org.apache.catalina.startup.VersionLoggerListener log
信息: OS Name:               Windows 8.1
五月 30, 2016 4:15:09 下午 org.apache.catalina.startup.VersionLoggerListener log
信息: OS Version:            6.3
五月 30, 2016 4:15:09 下午 org.apache.catalina.startup.VersionLoggerListener log
信息: Architecture:          amd64
五月 30, 2016 4:15:09 下午 org.apache.catalina.startup.VersionLoggerListener log
信息: Java Home:             D:\Program Files\Java\jdk1.7.0_67\jre
五月 30, 2016 4:15:09 下午 org.apache.catalina.startup.VersionLoggerListener log
信息: JVM Version:           1.7.0_67-b01
五月 30, 2016 4:15:09 下午 org.apache.catalina.startup.VersionLoggerListener log
信息: JVM Vendor:            Oracle Corporation
五月 30, 2016 4:15:09 下午 org.apache.catalina.startup.VersionLoggerListener log
信息: CATALINA_BASE:         D:\学习-study\My Component Library\LB-tomCat\apache-tomcat-7.0.65
五月 30, 2016 4:15:09 下午 org.apache.catalina.startup.VersionLoggerListener log
信息: CATALINA_HOME:         D:\学习-study\My Component Library\LB-tomCat\apache-tomcat-7.0.65
五月 30, 2016 4:15:09 下午 org.apache.catalina.startup.VersionLoggerListener log
信息: Command line argument: -Djava.util.logging.config.file=D:\学习-study\My Component Library\LB-tomCat\apache-tomcat-7.0.65\conf\logging.properties
五月 30, 2016 4:15:09 下午 org.apache.catalina.startup.VersionLoggerListener log
信息: Command line argument: -Djava.util.logging.manager=org.apache.juli.ClassLoaderLogManager
五月 30, 2016 4:15:09 下午 org.apache.catalina.startup.VersionLoggerListener log
信息: Command line argument: -Djava.endorsed.dirs=D:\学习-study\My Component Library\LB-tomCat\apache-tomcat-7.0.65\endorsed
五月 30, 2016 4:15:09 下午 org.apache.catalina.startup.VersionLoggerListener log
信息: Command line argument: -Dcatalina.base=D:\学习-study\My Component Library\LB-tomCat\apache-tomcat-7.0.65
五月 30, 2016 4:15:09 下午 org.apache.catalina.startup.VersionLoggerListener log
信息: Command line argument: -Dcatalina.home=D:\学习-study\My Component Library\LB-tomCat\apache-tomcat-7.0.65
五月 30, 2016 4:15:09 下午 org.apache.catalina.startup.VersionLoggerListener log
信息: Command line argument: -Djava.io.tmpdir=D:\学习-study\My Component Library\LB-tomCat\apache-tomcat-7.0.65\temp
五月 30, 2016 4:15:09 下午 org.apache.catalina.core.AprLifecycleListener lifecycleEvent
信息: The APR based Apache Tomcat Native library which allows optimal performance in production environments was not found on the java.library.path: D:\Program Files\Java\jdk1.7.0_67\bin;C:\Windows\Sun\Java\bin;C:\Windows\system32;C:\Windows;C:\Windows\system32;C:\Windows;C:\Windows\System32\Wbem;C:\Windows\System32\WindowsPowerShell\v1.0\;D:\Program Files (x86)\SVN\bin;D:\Program Files\Java\jdk1.7.0_67\bin;D:\Program Files\Java\jdk1.7.0_67\jre\bin;.
五月 30, 2016 4:15:09 下午 org.apache.coyote.AbstractProtocol init
信息: Initializing ProtocolHandler ["http-bio-8080"]
五月 30, 2016 4:15:09 下午 org.apache.coyote.AbstractProtocol init
信息: Initializing ProtocolHandler ["ajp-bio-8009"]
五月 30, 2016 4:15:09 下午 org.apache.catalina.startup.Catalina load
信息: Initialization processed in 1794 ms
五月 30, 2016 4:15:09 下午 org.apache.catalina.core.StandardService startInternal
信息: Starting service Catalina
五月 30, 2016 4:15:09 下午 org.apache.catalina.core.StandardEngine startInternal
信息: Starting Servlet Engine: Apache Tomcat/7.0.65
五月 30, 2016 4:15:09 下午 org.apache.catalina.startup.HostConfig deployDirectory
信息: Deploying web application directory D:\学习-study\My Component Library\LB-tomCat\apache-tomcat-7.0.65\webapps\docs
五月 30, 2016 4:15:10 下午 org.apache.catalina.util.SessionIdGeneratorBase createSecureRandom
信息: Creation of SecureRandom instance for session ID generation using [SHA1PRNG] took [102] milliseconds.
五月 30, 2016 4:15:11 下午 org.apache.catalina.startup.HostConfig deployDirectory
信息: Deployment of web application directory D:\学习-study\My Component Library\LB-tomCat\apache-tomcat-7.0.65\webapps\docs has finished in 1,222 ms
五月 30, 2016 4:15:11 下午 org.apache.catalina.startup.HostConfig deployDirectory
信息: Deploying web application directory D:\学习-study\My Component Library\LB-tomCat\apache-tomcat-7.0.65\webapps\examples
五月 30, 2016 4:15:12 下午 org.apache.catalina.startup.HostConfig deployDirectory
信息: Deployment of web application directory D:\学习-study\My Component Library\LB-tomCat\apache-tomcat-7.0.65\webapps\examples has finished in 1,871 ms
五月 30, 2016 4:15:12 下午 org.apache.catalina.startup.HostConfig deployDirectory
信息: Deploying web application directory D:\学习-study\My Component Library\LB-tomCat\apache-tomcat-7.0.65\webapps\host-manager
五月 30, 2016 4:15:13 下午 org.apache.catalina.startup.HostConfig deployDirectory
信息: Deployment of web application directory D:\学习-study\My Component Library\LB-tomCat\apache-tomcat-7.0.65\webapps\host-manager has finished in 144 ms
五月 30, 2016 4:15:13 下午 org.apache.catalina.startup.HostConfig deployDirectory
信息: Deploying web application directory D:\学习-study\My Component Library\LB-tomCat\apache-tomcat-7.0.65\webapps\manager
五月 30, 2016 4:15:13 下午 org.apache.catalina.startup.HostConfig deployDirectory
信息: Deployment of web application directory D:\学习-study\My Component Library\LB-tomCat\apache-tomcat-7.0.65\webapps\manager has finished in 164 ms
五月 30, 2016 4:15:13 下午 org.apache.catalina.startup.HostConfig deployDirectory
信息: Deploying web application directory D:\学习-study\My Component Library\LB-tomCat\apache-tomcat-7.0.65\webapps\ROOT
五月 30, 2016 4:15:13 下午 org.apache.catalina.startup.HostConfig deployDirectory
信息: Deployment of web application directory D:\学习-study\My Component Library\LB-tomCat\apache-tomcat-7.0.65\webapps\ROOT has finished in 147 ms
五月 30, 2016 4:15:13 下午 org.apache.coyote.AbstractProtocol start
信息: Starting ProtocolHandler ["http-bio-8080"]
五月 30, 2016 4:15:13 下午 org.apache.coyote.AbstractProtocol start
信息: Starting ProtocolHandler ["ajp-bio-8009"]
五月 30, 2016 4:15:13 下午 org.apache.catalina.startup.Catalina start
信息: Server startup in 3678 ms
